Arguments: 
  C:\Program Files\nodejs\node.exe C:\Users\TmK Digital\AppData\Roaming\npm\node_modules\yarn\bin\yarn.js

PATH: 
  C:\Users\TmK Digital\bin;C:\Program Files\Git\mingw64\bin;C:\Program Files\Git\usr\local\bin;C:\Program Files\Git\usr\bin;C:\Program Files\Git\usr\bin;C:\Program Files\Git\mingw64\bin;C:\Program Files\Git\usr\bin;C:\Users\TmK Digital\bin;C:\windows\system32;C:\windows;C:\windows\System32\Wbem;C:\windows\System32\WindowsPowerShell\v1.0;C:\windows\System32\OpenSSH;C:\Program Files (x86)\Intel\Intel(R) Management Engine Components\DAL;C:\Program Files\Intel\Intel(R) Management Engine Components\DAL;C:\Program Files (x86)\Intel\Intel(R) Management Engine Components\IPT;C:\Program Files\Intel\Intel(R) Management Engine Components\IPT;C:\Program Files (x86)\NVIDIA Corporation\PhysX\Common;C:\Program Files\Intel\WiFi\bin;C:\Program Files\Common Files\Intel\WirelessCommon;C:\WINDOWS\system32;C:\WINDOWS;C:\WINDOWS\System32\Wbem;C:\WINDOWS\System32\WindowsPowerShell\v1.0;C:\WINDOWS\System32\OpenSSH;C:\Program Files\nodejs;C:\ProgramData\chocolatey\bin;C:\Program Files\Git\cmd;C:\Program Files\Git LFS;C:\Users\TmK Digital\AppData\Local\Microsoft\WindowsApps;C:\Users\TmK Digital\AppData\Local\Programs\Microsoft VS Code\bin;C:\Users\TmK Digital\AppData\Roaming\npm;C:\Users\TmK Digital\AppData\Local\GitHubDesktop\bin;C:\Program Files\heroku\bin;C:\Program Files\Git\usr\bin\vendor_perl;C:\Program Files\Git\usr\bin\core_perl

Yarn version: 
  1.22.17

Node version: 
  16.13.2

Platform: 
  win32 x64

Trace: 
  Error: EEXIST: file already exists, mkdir 'H:\My Drive\COMPLETED WEBSITES\Morris_Website_CIC\node_modules\@babel\highlight\node_modules'

npm manifest: 
  {
    "name": "morris-connector-react",
    "version": "0.1.0",
    "homepage": ".",
    "private": true,
    "dependencies": {
      "@emotion/react": "^11.8.1",
      "@emotion/styled": "^11.8.1",
      "@mui/material": "^5.4.4",
      "@popperjs/core": "^2.9.2",
      "@testing-library/jest-dom": "^5.14.1",
      "@testing-library/react": "^11.2.7",
      "@testing-library/user-event": "^12.8.3",
      "bootstrap": "^5.0.2",
      "dompurify": "^2.3.6",
      "glightbox": "^3.0.9",
      "node-sass": "^7.0.1",
      "overlayscrollbars": "^1.13.1",
      "react": "^17.0.2",
      "react-dom": "^17.0.2",
      "react-router-dom": "^5.2.0",
      "react-scripts": "^5.0.0",
      "swiper": "^6.7.5",
      "web-vitals": "^1.1.2"
    },
    "scripts": {
      "start": "react-scripts start",
      "build": "react-scripts build",
      "test": "react-scripts test",
      "eject": "react-scripts eject"
    },
    "eslintConfig": {
      "extends": [
        "react-app",
        "react-app/jest"
      ]
    },
    "browserslist": {
      "production": [
        ">0.2%",
        "not dead",
        "not op_mini all"
      ],
      "development": [
        "last 1 chrome version",
        "last 1 firefox version",
        "last 1 safari version"
      ]
    }
  }

yarn manifest: 
  No manifest

Lockfile: 
  No lockfile
